<?xml version="1.0" encoding="UTF-8"?>
<testng-results ignored="0" total="1" passed="1" failed="0" skipped="0">
  <reporter-output>
  </reporter-output>
  <suite started-at="2023-10-04T14:30:25 IST" name="Default suite" finished-at="2023-10-04T14:30:48 IST" duration-ms="22914">
    <groups>
    </groups>
    <test started-at="2023-10-04T14:30:25 IST" name="Default test" finished-at="2023-10-04T14:30:48 IST" duration-ms="22914">
      <class name="com.rest.Cookies">
        <test-method signature="cookie()[pri:0, instance:com.rest.Cookies@359f7cdf]" started-at="2023-10-04T14:30:25 IST" name="cookie" finished-at="2023-10-04T14:30:48 IST" duration-ms="22816" status="PASS">
          <reporter-output>
          </reporter-output>
        </test-method> <!-- cookie -->
      </class> <!-- com.rest.Cookies -->
    </test> <!-- Default test -->
  </suite> <!-- Default suite -->
</testng-results>
